4:32:51 PM [vite] (client) Re-optimizing dependencies because vite config has changed

  VITE v8.0.3  ready in 199 ms

  ➜  Local:   http://127.0.0.1:5173/
4:35:52 PM [vite] (client) hmr update /src/pages/admin/pages.css
4:36:58 PM [vite] (client) hmr update /src/pages/admin/AdminScreenLayout.tsx
4:37:00 PM [vite] (client) [console.warn] No routes matched location "/admin/finance" 
4:37:00 PM [vite] (client) [console.warn] No routes matched location "/admin/finance" 
4:37:02 PM [vite] (client) [console.warn] No routes matched location "/admin/finance" 
4:37:02 PM [vite] (client) [console.warn] No routes matched location "/admin/finance" 
4:37:16 PM [vite] (client) hmr update /src/pages/admin/AdminScreenLayout.tsx
4:37:17 PM [vite] (client) [console.warn] No routes matched location "/admin/finance" 
4:37:17 PM [vite] (client) [console.warn] No routes matched location "/admin/finance" 
4:37:37 PM [vite] (client) hmr update /src/pages/admin/admin-screen-layout.css
4:42:38 PM [vite] (client) hmr update /src/pages/admin/AdminScreenLayout.tsx
4:42:59 PM [vite] (client) hmr update /src/pages/admin/AdminScreenLayout.tsx
4:43:18 PM [vite] (client) hmr update /src/pages/admin/AdminConfiguratorPage.tsx
4:43:18 PM [vite] (client) [Unhandled error] ReferenceError: Globe is not defined
 > AdminConfiguratorPage src/pages/admin/AdminConfiguratorPage.tsx:596:13
    594 |            <div className="cfg-m__divider" style={{ margin: '10px -14px' }} />
    595 |            <div className="cfg-m__scard-head" style={{ marginTop: 4 }}>
    596 |              <Globe size={15} strokeWidth={2} className="cfg-m__scard-icon" />
        |               ^
    597 |              <span>Переклади (i18n)</span>
    598 |            </div>
 > Object.react_stack_bottom_frame node_modules/react-dom/cjs/react-dom-client.development.js:25904:19
 > renderWithHooks node_modules/react-dom/cjs/react-dom-client.development.js:7662:21
 > updateFunctionComponent node_modules/react-dom/cjs/react-dom-client.development.js:10166:18
 > beginWork node_modules/react-dom/cjs/react-dom-client.development.js:11778:17
 > runWithFiberInDEV node_modules/react-dom/cjs/react-dom-client.development.js:871:29
 > performUnitOfWork node_modules/react-dom/cjs/react-dom-client.development.js:17641:21
 > workLoopSync node_modules/react-dom/cjs/react-dom-client.development.js:17469:40
 > renderRootSync node_modules/react-dom/cjs/react-dom-client.development.js:17450:10
 > performWorkOnRoot node_modules/react-dom/cjs/react-dom-client.development.js:16583:34

4:43:18 PM [vite] (client) [console.warn] An error occurred in the <AdminConfiguratorPage> component.

Consider adding an error boundary to your tree to customize error handling behavior.
Visit https://react.dev/link/error-boundaries to learn more about error boundaries.

4:43:47 PM [vite] (client) hmr update /src/pages/admin/AdminConfiguratorPage.tsx
4:43:48 PM [vite] (client) [Unhandled error] ReferenceError: LayoutDashboard is not defined
 > AdminConfiguratorPage src/pages/admin/AdminConfiguratorPage.tsx:681:50
    679 |        {/* Bottom nav */}
    680 |        <nav className="cfg-m__nav">
    681 |          <Link to="/admin" className="cfg-m__tab"><LayoutDashboard size={20} strokeWidth={2} /><span>Дашборд</span></L...
        |                                                    ^
    682 |          <Link to="/admin/orders" className="cfg-m__tab"><Receipt size={20} strokeWidth={2} /><span>Замовлення</span><...
    683 |          <Link to="/admin/users" className="cfg-m__tab"><Users size={20} strokeWidth={2} /><span>Юзери</span></Link>
 > Object.react_stack_bottom_frame node_modules/react-dom/cjs/react-dom-client.development.js:25904:19
 > renderWithHooks node_modules/react-dom/cjs/react-dom-client.development.js:7662:21
 > updateFunctionComponent node_modules/react-dom/cjs/react-dom-client.development.js:10166:18
 > beginWork node_modules/react-dom/cjs/react-dom-client.development.js:11778:17
 > runWithFiberInDEV node_modules/react-dom/cjs/react-dom-client.development.js:871:29
 > performUnitOfWork node_modules/react-dom/cjs/react-dom-client.development.js:17641:21
 > workLoopSync node_modules/react-dom/cjs/react-dom-client.development.js:17469:40
 > renderRootSync node_modules/react-dom/cjs/react-dom-client.development.js:17450:10
 > performWorkOnRoot node_modules/react-dom/cjs/react-dom-client.development.js:16583:34

4:43:48 PM [vite] (client) [console.warn] An error occurred in the <AdminConfiguratorPage> component.

Consider adding an error boundary to your tree to customize error handling behavior.
Visit https://react.dev/link/error-boundaries to learn more about error boundaries.

4:44:05 PM [vite] (client) hmr update /src/pages/admin/AdminConfiguratorPage.tsx
4:44:26 PM [vite] (client) hmr update /src/pages/admin/configurator-mobile.css
4:59:07 PM [vite] (client) hmr update /src/pages/admin/AdminConfiguratorPage.tsx
4:59:25 PM [vite] (client) hmr update /src/pages/admin/AdminConfiguratorPage.tsx
8:24:12 PM [vite] (client) hmr update /src/pages/LiveDemoPage.tsx
8:24:23 PM [vite] (client) hmr update /src/pages/LiveDemoPage.tsx
8:24:40 PM [vite] (client) hmr update /src/pages/LiveDemoPage.tsx
8:25:06 PM [vite] (client) hmr update /src/pages/LiveDemoPage.css
8:25:24 PM [vite] (client) hmr update /src/pages/LiveDemoPage.css
8:27:23 PM [vite] (client) hmr update /src/pages/LiveDemoPage.tsx
8:27:39 PM [vite] (client) hmr update /src/pages/LiveDemoPage.tsx
8:28:02 PM [vite] (client) hmr update /src/pages/LiveDemoPage.css
8:28:19 PM [vite] (client) hmr update /src/pages/LiveDemoPage.css
8:30:21 PM [vite] (client) hmr update /src/pages/LiveDemoPage.tsx
8:30:38 PM [vite] (client) hmr update /src/pages/LiveDemoPage.tsx
8:30:51 PM [vite] (client) hmr update /src/pages/LiveDemoPage.tsx
8:31:03 PM [vite] (client) hmr update /src/pages/LiveDemoPage.css
8:31:14 PM [vite] (client) hmr update /src/pages/LiveDemoPage.css
8:31:31 PM [vite] (client) hmr update /src/pages/LiveDemoPage.css
8:31:40 PM [vite] (client) hmr update /src/pages/LiveDemoPage.css
8:41:50 PM [vite] (client) hmr update /src/App.tsx
8:41:50 PM [vite] (client) [console.warn] No routes matched location "/live-demo?code=GGVR2F" 
8:41:50 PM [vite] (client) [console.warn] No routes matched location "/live-demo?code=GGVR2F" 
8:42:04 PM [vite] (client) hmr update /src/App.tsx
8:48:47 PM [vite] (client) hmr update /src/components/LiveDemoModal.tsx
8:48:58 PM [vite] (client) hmr update /src/components/LiveDemoModal.tsx
8:49:11 PM [vite] (client) hmr update /src/components/LiveDemoModal.tsx
8:49:22 PM [vite] (client) hmr update /src/components/LiveDemoModal.tsx
8:49:44 PM [vite] (client) hmr update /src/components/LiveDemoModal.css
8:50:00 PM [vite] (client) hmr update /src/pages/LiveDemoPage.tsx
8:50:03 PM [vite] (client) hmr update /src/pages/LiveDemoPage.css
8:50:03 PM [vite] (client) [console.error] [vite] Failed to reload /src/pages/LiveDemoPage.css. This could be due to syntax errors or importing non-existent modules. (see errors above)
8:50:03 PM [vite] (client) [console.error] [vite] Failed to reload /src/pages/LiveDemoPage.css. This could be due to syntax errors or importing non-existent modules. (see errors above)
8:53:34 PM [vite] (client) hmr update /src/components/LiveDemoModal.css
8:53:49 PM [vite] (client) hmr update /src/components/LiveDemoModal.css
